<?xml version="1.0" encoding="UTF-8"?>
<!-- Generated by org.testng.reporters.JUnitReportReporter -->
<testsuite hostname="DESKTOP-1696VV5" failures="0" tests="1" name="test.GoogleCloudSearchResults" time="16.070" errors="0" timestamp="2023-02-11T11:31:29 MSK" skipped="0">
  <testcase classname="test.GoogleCloudSearchResults" name="commonSearchResultsNotEmpty" time="16.070"/>
  <system-out/>
</testsuite> <!-- test.GoogleCloudSearchResults -->
