<?xml version="1.0" encoding="UTF-8"?>
<!-- Generated by org.testng.reporters.JUnitReportReporter -->
<testsuite hostname="DESKTOP-N8NOFUK" failures="0" tests="1" name="test.GoogleCloudSearchResultsTest" time="9.668" errors="0" timestamp="2023-04-05T16:37:49 MSK" skipped="0">
  <testcase classname="test.GoogleCloudSearchResultsTest" name="commonSearchResultsNotEmpty" time="9.668"/>
  <system-out/>
</testsuite> <!-- test.GoogleCloudSearchResultsTest -->
